2024-02-20T09:03:16.754Z - HTTP GET /get-tasks
2024-02-20T09:03:36.984Z - HTTP GET /get-tasks/11111
2024-02-20T09:05:06.343Z - HTTP GET /get-tasks/g3o7mqt2z05
2024-02-20T09:11:47.637Z - HTTP POST /get-tasks/g3o7mqt2z05
2024-02-20T09:12:01.728Z - HTTP POST /create-tasks/g3o7mqt2z05
2024-02-20T09:12:07.094Z - HTTP POST /create-task/g3o7mqt2z05
2024-02-20T09:13:14.647Z - HTTP POST /create-task/g3o7mqt2z05
2024-02-20T09:14:08.827Z - HTTP POST /create-task/g3o7mqt2z05
2024-02-20T09:16:06.192Z - HTTP POST /create-task/g3o7mqt2z05
2024-02-20T09:17:48.592Z - HTTP POST /create-task/g3o7mqt2z05
2024-02-20T09:18:35.306Z - HTTP POST /create-task/g3o7mqt2z05
2024-02-20T09:19:11.936Z - HTTP POST /create-task/:g3o7mqt2z05
2024-02-20T09:19:49.713Z - HTTP POST /create-task/g3o7mqt2z05
2024-02-20T09:20:07.066Z - HTTP POST /create-task/g3o7mqt2z05
2024-02-20T09:20:26.820Z - HTTP POST /create-task/g3o7mqt2z05
2024-02-20T09:21:05.588Z - HTTP POST /create-task/g3o7mqt2z05
2024-02-20T09:21:24.785Z - HTTP POST /create-task/g3o7mqt2z05
2024-02-20T09:21:30.942Z - HTTP POST /create-task/g3o7mqt2z05
2024-02-20T09:21:54.134Z - HTTP POST /create-task/g3o7mqt2z05
2024-02-20T09:23:23.401Z - HTTP POST /create-task/g3o7mqt2z05
2024-02-20T09:23:39.513Z - HTTP POST /create-task/g3o7mqt2z05
2024-02-20T09:23:49.733Z - HTTP POST /create-task/g3o7mqt2z05
2024-02-20T09:24:15.983Z - HTTP POST /create-task/g3o7mqt2z05
2024-02-20T09:24:21.754Z - HTTP GET /get-tasks/g3o7mqt2z05
2024-02-20T09:24:39.932Z - HTTP GET /get-tasks/g3o7mqt2z05
2024-02-20T09:25:20.856Z - HTTP GET /get-tasks/g3o7mqt2z05
